{"total": {"lines":{"total":1360,"covered":567,"skipped":0,"pct":41.69},"statements":{"total":1360,"covered":567,"skipped":0,"pct":41.69},"functions":{"total":55,"covered":42,"skipped":0,"pct":76.36},"branches":{"total":185,"covered":156,"skipped":0,"pct":84.32},"branchesTrue":{"total":0,"covered":0,"skipped":0,"pct":100}}
,"C:\\Users\\User\\Desktop\\PMHOTABLE\\app\\actions\\ai.ts": {"lines":{"total":192,"covered":0,"skipped":0,"pct":0},"functions":{"total":1,"covered":0,"skipped":0,"pct":0},"statements":{"total":192,"covered":0,"skipped":0,"pct":0},"branches":{"total":1,"covered":0,"skipped":0,"pct":0}}
,"C:\\Users\\User\\Desktop\\PMHOTABLE\\app\\actions\\cycles.ts": {"lines":{"total":175,"covered":126,"skipped":0,"pct":72},"functions":{"total":10,"covered":8,"skipped":0,"pct":80},"statements":{"total":175,"covered":126,"skipped":0,"pct":72},"branches":{"total":39,"covered":33,"skipped":0,"pct":84.61}}
,"C:\\Users\\User\\Desktop\\PMHOTABLE\\app\\actions\\documents.ts": {"lines":{"total":102,"covered":0,"skipped":0,"pct":0},"functions":{"total":1,"covered":0,"skipped":0,"pct":0},"statements":{"total":102,"covered":0,"skipped":0,"pct":0},"branches":{"total":1,"covered":0,"skipped":0,"pct":0}}
,"C:\\Users\\User\\Desktop\\PMHOTABLE\\app\\actions\\goals.ts": {"lines":{"total":75,"covered":0,"skipped":0,"pct":0},"functions":{"total":1,"covered":0,"skipped":0,"pct":0},"statements":{"total":75,"covered":0,"skipped":0,"pct":0},"branches":{"total":1,"covered":0,"skipped":0,"pct":0}}
,"C:\\Users\\User\\Desktop\\PMHOTABLE\\app\\actions\\ideas.ts": {"lines":{"total":95,"covered":93,"skipped":0,"pct":97.89},"functions":{"total":5,"covered":5,"skipped":0,"pct":100},"statements":{"total":95,"covered":93,"skipped":0,"pct":97.89},"branches":{"total":31,"covered":28,"skipped":0,"pct":90.32}}
,"C:\\Users\\User\\Desktop\\PMHOTABLE\\app\\actions\\projects.ts": {"lines":{"total":94,"covered":0,"skipped":0,"pct":0},"functions":{"total":1,"covered":0,"skipped":0,"pct":0},"statements":{"total":94,"covered":0,"skipped":0,"pct":0},"branches":{"total":1,"covered":0,"skipped":0,"pct":0}}
,"C:\\Users\\User\\Desktop\\PMHOTABLE\\app\\actions\\tasks.ts": {"lines":{"total":289,"covered":192,"skipped":0,"pct":66.43},"functions":{"total":16,"covered":11,"skipped":0,"pct":68.75},"statements":{"total":289,"covered":192,"skipped":0,"pct":66.43},"branches":{"total":54,"covered":45,"skipped":0,"pct":83.33}}
,"C:\\Users\\User\\Desktop\\PMHOTABLE\\app\\actions\\users.ts": {"lines":{"total":12,"covered":0,"skipped":0,"pct":0},"functions":{"total":1,"covered":0,"skipped":0,"pct":0},"statements":{"total":12,"covered":0,"skipped":0,"pct":0},"branches":{"total":1,"covered":0,"skipped":0,"pct":0}}
,"C:\\Users\\User\\Desktop\\PMHOTABLE\\app\\actions\\weekly.ts": {"lines":{"total":167,"covered":0,"skipped":0,"pct":0},"functions":{"total":1,"covered":0,"skipped":0,"pct":0},"statements":{"total":167,"covered":0,"skipped":0,"pct":0},"branches":{"total":1,"covered":0,"skipped":0,"pct":0}}
,"C:\\Users\\User\\Desktop\\PMHOTABLE\\lib\\utils.ts": {"lines":{"total":159,"covered":156,"skipped":0,"pct":98.11},"functions":{"total":18,"covered":18,"skipped":0,"pct":100},"statements":{"total":159,"covered":156,"skipped":0,"pct":98.11},"branches":{"total":55,"covered":50,"skipped":0,"pct":90.9}}
}
